# JRE version: OpenJDK Runtime Environment Temurin-21.0.10+7 (21.0.10+7) (build 21.0.10+7-LTS)
# Java VM: OpenJDK 64-Bit Server VM Temurin-21.0.10+7 (21.0.10+7-LTS, mixed mode, emulated-client, sharing, tiered, compressed oops, compressed class ptrs, g1 gc, windows-amd64)
GC Precious Log:
 CardTable entry size: 512
 Card Set container configuration: InlinePtr #cards 5 size 8 Array Of Cards #cards 12 size 40 Howl #buckets 4 coarsen threshold 1843 Howl Bitmap #cards 512 size 80 coarsen threshold 460 Card regions per heap region 1 cards per card region 2048
 CPUs: 2 total, 2 available
 Memory: 3974M
 Large Page Support: Disabled
 NUMA Support: Disabled
 Compressed Oops: Enabled (32-bit)
 Heap Region Size: 1M
 Heap Min Capacity: 8M
 Heap Initial Capacity: 64M
 Heap Max Capacity: 994M
 Pre-touch: Disabled
 Parallel Workers: 2
 Concurrent Workers: 1
 Concurrent Refinement Workers: 2
 Periodic GC: Disabled
Heap:
 garbage-first heap   total 48128K, used 25710K [0x00000000c1e00000, 0x0000000100000000)
  region size 1024K, 2 young (2048K), 2 survivors (2048K)
 Metaspace       used 47074K, committed 47744K, reserved 1114112K
  class space    used 6549K, committed 6848K, reserved 1048576K
GC Heap History (20 events):
Event: 2.947 GC heap after
{Heap after GC invocations=2 (full 0):
 garbage-first heap   total 65536K, used 6002K [0x00000000c1e00000, 0x0000000100000000)
  region size 1024K, 1 young (1024K), 1 survivors (1024K)
 Metaspace       used 2582K, committed 2752K, reserved 1114112K
  class space    used 299K, committed 384K, reserved 1048576K
}
Event: 4.378 GC heap before
{Heap before GC invocations=2 (full 0):
 garbage-first heap   total 65536K, used 12146K [0x00000000c1e00000, 0x0000000100000000)
  region size 1024K, 8 young (8192K), 1 survivors (1024K)
 Metaspace       used 6189K, committed 6400K, reserved 1114112K
  class space    used 726K, committed 832K, reserved 1048576K
}
Event: 4.388 GC heap after
{Heap after GC invocations=3 (full 0):
 garbage-first heap   total 65536K, used 7136K [0x00000000c1e00000, 0x0000000100000000)
  region size 1024K, 1 young (1024K), 1 survivors (1024K)
 Metaspace       used 6189K, committed 6400K, reserved 1114112K
  class space    used 726K, committed 832K, reserved 1048576K
}
Event: 8.374 GC heap before
{Heap before GC invocations=3 (full 0):
 garbage-first heap   total 65536K, used 44000K [0x00000000c1e00000, 0x0000000100000000)
  region size 1024K, 38 young (38912K), 1 survivors (1024K)
 Metaspace       used 15212K, committed 15552K, reserved 1114112K
  class space    used 2145K, committed 2304K, reserved 1048576K
}
Event: 8.398 GC heap after
{Heap after GC invocations=4 (full 0):
 garbage-first heap   total 65536K, used 10748K [0x00000000c1e00000, 0x0000000100000000)
  region size 1024K, 5 young (5120K), 5 survivors (5120K)
 Metaspace       used 15212K, committed 15552K, reserved 1114112K
  class space    used 2145K, committed 2304K, reserved 1048576K
}
Event: 9.892 GC heap before
{Heap before GC invocations=4 (full 0):
 garbage-first heap   total 65536K, used 41468K [0x00000000c1e00000, 0x0000000100000000)
  region size 1024K, 37 young (37888K), 5 survivors (5120K)
 Metaspace       used 21204K, committed 21504K, reserved 1114112K
  class space    used 2863K, committed 3008K, reserved 1048576K
}
Event: 9.918 GC heap after
{Heap after GC invocations=5 (full 0):
 garbage-first heap   total 65536K, used 13092K [0x00000000c1e00000, 0x0000000100000000)
  region size 1024K, 3 young (3072K), 3 survivors (3072K)
 Metaspace       used 21204K, committed 21504K, reserved 1114112K
  class space    used 2863K, committed 3008K, reserved 1048576K
}
Event: 11.311 GC heap before
{Heap before GC invocations=6 (full 0):
 garbage-first heap   total 48128K, used 38692K [0x00000000c1e00000, 0x0000000100000000)
  region size 1024K, 28 young (28672K), 3 survivors (3072K)
 Metaspace       used 24318K, committed 24704K, reserved 1114112K
  class space    used 3331K, committed 3520K, reserved 1048576K
}
Event: 11.334 GC heap after
{Heap after GC invocations=7 (full 0):
 garbage-first heap   total 48128K, used 15932K [0x00000000c1e00000, 0x0000000100000000)
  region size 1024K, 3 young (3072K), 3 survivors (3072K)
 Metaspace       used 24318K, committed 24704K, reserved 1114112K
  class space    used 3331K, committed 3520K, reserved 1048576K
}
Event: 13.925 GC heap before
{Heap before GC invocations=7 (full 0):
 garbage-first heap   total 48128K, used 37436K [0x00000000c1e00000, 0x0000000100000000)
  region size 1024K, 24 young (24576K), 3 survivors (3072K)
 Metaspace       used 27201K, committed 27648K, reserved 1114112K
  class space    used 3775K, committed 3968K, reserved 1048576K
}
Event: 13.949 GC heap after
{Heap after GC invocations=8 (full 0):
 garbage-first heap   total 48128K, used 17420K [0x00000000c1e00000, 0x0000000100000000)
  region size 1024K, 2 young (2048K), 2 survivors (2048K)
 Metaspace       used 27201K, committed 27648K, reserved 1114112K
  class space    used 3775K, committed 3968K, reserved 1048576K
}
Event: 15.953 GC heap before
{Heap before GC invocations=8 (full 0):
 garbage-first heap   total 48128K, used 38924K [0x00000000c1e00000, 0x0000000100000000)
  region size 1024K, 23 young (23552K), 2 survivors (2048K)
 Metaspace       used 31283K, committed 31872K, reserved 1114112K
  class space    used 4370K, committed 4608K, reserved 1048576K
}
Event: 15.975 GC heap after
{Heap after GC invocations=9 (full 0):
 garbage-first heap   total 48128K, used 20032K [0x00000000c1e00000, 0x0000000100000000)
  region size 1024K, 3 young (3072K), 3 survivors (3072K)
 Metaspace       used 31283K, committed 31872K, reserved 1114112K
  class space    used 4370K, committed 4608K, reserved 1048576K
}
Event: 17.616 GC heap before
{Heap before GC invocations=9 (full 0):
 garbage-first heap   total 48128K, used 37440K [0x00000000c1e00000, 0x0000000100000000)
  region size 1024K, 19 young (19456K), 3 survivors (3072K)
 Metaspace       used 35486K, committed 35968K, reserved 1114112K
  class space    used 4832K, committed 5056K, reserved 1048576K
}
Event: 17.629 GC heap after
{Heap after GC invocations=10 (full 0):
 garbage-first heap   total 48128K, used 23605K [0x00000000c1e00000, 0x0000000100000000)
  region size 1024K, 2 young (2048K), 2 survivors (2048K)
 Metaspace       used 35486K, committed 35968K, reserved 1114112K
  class space    used 4832K, committed 5056K, reserved 1048576K
}
Event: 19.728 GC heap before
{Heap before GC invocations=11 (full 0):
 garbage-first heap   total 48128K, used 41013K [0x00000000c1e00000, 0x0000000100000000)
  region size 1024K, 19 young (19456K), 2 survivors (2048K)
 Metaspace       used 39198K, committed 39808K, reserved 1114112K
  class space    used 5356K, committed 5632K, reserved 1048576K
}
Event: 19.738 GC heap after
{Heap after GC invocations=12 (full 0):
 garbage-first heap   total 48128K, used 24374K [0x00000000c1e00000, 0x0000000100000000)
  region size 1024K, 3 young (3072K), 3 survivors (3072K)
 Metaspace       used 39198K, committed 39808K, reserved 1114112K
  class space    used 5356K, committed 5632K, reserved 1048576K
}
Event: 21.134 GC heap before
{Heap before GC invocations=12 (full 0):
 garbage-first heap   total 48128K, used 41782K [0x00000000c1e00000, 0x0000000100000000)
  region size 1024K, 20 young (20480K), 3 survivors (3072K)
 Metaspace       used 43601K, committed 44224K, reserved 1114112K
  class space    used 6062K, committed 6336K, reserved 1048576K
}
Event: 21.151 GC heap after
{Heap after GC invocations=13 (full 0):
 garbage-first heap   total 48128K, used 24686K [0x00000000c1e00000, 0x0000000100000000)
  region size 1024K, 2 young (2048K), 2 survivors (2048K)
 Metaspace       used 43601K, committed 44224K, reserved 1114112K
  class space    used 6062K, committed 6336K, reserved 1048576K
}
Event: 22.172 GC heap before
{Heap before GC invocations=13 (full 0):
 garbage-first heap   total 48128K, used 42094K [0x00000000c1e00000, 0x0000000100000000)
  region size 1024K, 19 young (19456K), 2 survivors (2048K)
 Metaspace       used 47074K, committed 47744K, reserved 1114112K
  class space    used 6549K, committed 6848K, reserved 1048576K
}

